C:\USERS\WAFAAGAMAL\DESKTOP\EGS-FINAL\PROJECT3\DEBUG\MYFORM3.OBJ
C:\USERS\WAFAAGAMAL\DESKTOP\EGS-FINAL\PROJECT3\DEBUG\MYFORM2.OBJ
C:\USERS\WAFAAGAMAL\DESKTOP\EGS-FINAL\PROJECT3\DEBUG\MYFORM.OBJ
C:\USERS\WAFAAGAMAL\DESKTOP\EGS-FINAL\PROJECT3\DEBUG\MINISTRY_OF_TRANSPORTATION.OBJ
C:\USERS\WAFAAGAMAL\DESKTOP\EGS-FINAL\PROJECT3\DEBUG\MINISTRY_OF_TOURISM.OBJ
C:\USERS\WAFAAGAMAL\DESKTOP\EGS-FINAL\PROJECT3\DEBUG\MINISTRY_OF_INTERIOR.OBJ
C:\USERS\WAFAAGAMAL\DESKTOP\EGS-FINAL\PROJECT3\DEBUG\MINISTRY_OF_HEALTH_AND_POPULATION.OBJ
C:\USERS\WAFAAGAMAL\DESKTOP\EGS-FINAL\PROJECT3\DEBUG\MINISTRY_OF_FINANCE.OBJ
C:\USERS\WAFAAGAMAL\DESKTOP\EGS-FINAL\PROJECT3\DEBUG\MINISTRY_OF_ELECTRICITY.OBJ
C:\USERS\WAFAAGAMAL\DESKTOP\EGS-FINAL\PROJECT3\DEBUG\MINISTRY_OF_EDUCATION.OBJ
C:\USERS\WAFAAGAMAL\DESKTOP\EGS-FINAL\PROJECT3\DEBUG\MINISTRY.OBJ
C:\USERS\WAFAAGAMAL\DESKTOP\EGS-FINAL\PROJECT3\DEBUG\MINISTER.OBJ
C:\USERS\WAFAAGAMAL\DESKTOP\EGS-FINAL\PROJECT3\DEBUG\LOGIN.OBJ
C:\USERS\WAFAAGAMAL\DESKTOP\EGS-FINAL\PROJECT3\DEBUG\FILES.OBJ
C:\USERS\WAFAAGAMAL\DESKTOP\EGS-FINAL\PROJECT3\DEBUG\EMPLOYEE.OBJ
C:\USERS\WAFAAGAMAL\DESKTOP\EGS-FINAL\PROJECT3\DEBUG\DUMMY.OBJ
C:\USERS\WAFAAGAMAL\DESKTOP\EGS-FINAL\PROJECT3\DEBUG\DEPARTMENT.OBJ
C:\USERS\WAFAAGAMAL\DESKTOP\EGS-FINAL\PROJECT3\DEBUG\CITIZEN.OBJ
C:\USERS\WAFAAGAMAL\DESKTOP\EGS-FINAL\PROJECT3\DEBUG\ADMINPROFILE.OBJ
C:\USERS\WAFAAGAMAL\DESKTOP\EGS-FINAL\PROJECT3\DEBUG\ADMIN.OBJ
C:\USERS\WAFAAGAMAL\DESKTOP\EGS-FINAL\PROJECT3\DEBUG\REGISTER.OBJ
C:\USERS\WAFAAGAMAL\DESKTOP\EGS-FINAL\PROJECT3\DEBUG\PERSON.OBJ
C:\USERS\WAFAAGAMAL\DESKTOP\EGS-FINAL\PROJECT3\DEBUG\MYFORM4.OBJ
C:\USERS\WAFAAGAMAL\DESKTOP\EGS-FINAL\PROJECT3\DEBUG\VC110.PDB
C:\USERS\WAFAAGAMAL\DESKTOP\EGS-FINAL\PROJECT3\DEBUG\.NETFRAMEWORK,VERSION=V4.5.ASSEMBLYATTRIBUTES.OBJ
C:\USERS\WAFAAGAMAL\DESKTOP\EGS-FINAL\DEBUG\PROJECT3.ILK
C:\USERS\WAFAAGAMAL\DESKTOP\EGS-FINAL\DEBUG\PROJECT3.EXE
C:\USERS\WAFAAGAMAL\DESKTOP\EGS-FINAL\DEBUG\PROJECT3.PDB
C:\USERS\WAFAAGAMAL\DESKTOP\EGS-FINAL\PROJECT3\DEBUG\METAGEN.WRITE.1.TLOG
䍞尺獕牥屳慍浨畯層敄歳潴屰牐橯捥㍴停潲敪瑣尳牐橯捥㍴瘮硣牰橯਍㩃啜敳獲䵜桡潭摵䑜獥瑫灯停潲敪瑣尳牐橯捥㍴䑜扥杵停潲敪瑣⸳摁業偮潲楦敬爮獥畯捲獥਍㩃啜敳獲䵜桡潭摵䑜獥瑫灯停潲敪瑣尳牐橯捥㍴䑜扥杵停潲敪瑣⸳潌楧⹮敲潳牵散൳䌊尺獕牥屳慍浨畯層敄歳潴屰牐橯捥㍴停潲敪瑣尳敄畢屧牐橯捥㍴䴮䙹牯⹭敲潳牵散൳䌊尺獕牥屳慍浨畯層敄歳潴屰牐橯捥㍴停潲敪瑣尳敄畢屧牐橯捥㍴䴮䙹牯㉭爮獥畯捲獥਍㩃啜敳獲䵜桡潭摵䑜獥瑫灯停潲敪瑣尳牐橯捥㍴䑜扥杵停潲敪瑣⸳祍潆浲⸳敲潳牵散൳䌊尺獕牥屳慍浨畯層敄歳潴屰牐橯捥㍴停潲敪瑣尳敄畢屧牐橯捥㍴䴮䙹牯㑭爮獥畯捲獥਍㩃啜敳獲䵜桡潭摵䑜獥瑫灯停潲敪瑣尳牐橯捥㍴䑜扥杵停潲敪瑣⸳敒楧瑳牥爮獥畯捲獥਍䍞尺獕牥屳慍浨畯層敄歳潴屰牐橯捥㍴停潲敪瑣尳牐橯捥㍴瘮硣牰橯਍㩃啜敳獲䵜桡潭摵䑜獥瑫灯停潲敪瑣尳牐橯捥㍴䑜扥杵停潲敪瑣⸳摁業偮潲楦敬爮獥畯捲獥਍㩃啜敳獲䵜桡潭摵䑜獥瑫灯停潲敪瑣尳牐橯捥㍴䑜扥杵停潲敪瑣⸳潌楧⹮敲潳牵散൳䌊尺獕牥屳慍浨畯層敄歳潴屰牐橯捥㍴停潲敪瑣尳敄畢屧牐橯捥㍴䴮䙹牯⹭敲潳牵散൳䌊尺獕牥屳慍浨畯層敄歳潴屰牐橯捥㍴停潲敪瑣尳敄畢屧牐橯捥㍴䴮䙹牯㉭爮獥畯捲獥਍㩃啜敳獲䵜桡潭摵䑜獥瑫灯停潲敪瑣尳牐橯捥㍴䑜扥杵停潲敪瑣⸳祍潆浲⸳敲潳牵散൳䌊尺獕牥屳慍浨畯層敄歳潴屰牐橯捥㍴停潲敪瑣尳敄畢屧牐橯捥㍴䴮䙹牯㑭爮獥畯捲獥਍㩃啜敳獲䵜桡潭摵䑜獥瑫灯停潲敪瑣尳牐橯捥㍴䑜扥杵停潲敪瑣⸳敒楧瑳牥爮獥畯捲獥਍䍞尺獕牥屳慷慦条浡污䑜獥瑫灯䕜升䘭湩污停潲敪瑣尳牐橯捥㍴瘮硣牰橯਍㩃啜敳獲睜晡慡慧慭屬敄歳潴屰䝅ⵓ楆慮屬牐橯捥㍴䑜扥杵停潲敪瑣⸳摁業偮潲楦敬爮獥畯捲獥਍㩃啜敳獲睜晡慡慧慭屬敄歳潴屰䝅ⵓ楆慮屬牐橯捥㍴䑜扥杵停潲敪瑣⸳潌楧⹮敲潳牵散൳䌊尺獕牥屳慷慦条浡污䑜獥瑫灯䕜升䘭湩污停潲敪瑣尳敄畢屧牐橯捥㍴䴮䙹牯⹭敲潳牵散൳䌊尺獕牥屳慷慦条浡污䑜獥瑫灯䕜升䘭湩污停潲敪瑣尳敄畢屧牐橯捥㍴䴮䙹牯㉭爮獥畯捲獥਍㩃啜敳獲睜晡慡慧慭屬敄歳潴屰䝅ⵓ楆慮屬牐橯捥㍴䑜扥杵停潲敪瑣⸳祍潆浲⸳敲潳牵散൳䌊尺獕牥屳慷慦条浡污䑜獥瑫灯䕜升䘭湩污停潲敪瑣尳敄畢屧牐橯捥㍴䴮䙹牯㑭爮獥畯捲獥਍㩃啜敳獲睜晡慡慧慭屬敄歳潴屰䝅ⵓ楆慮屬牐橯捥㍴䑜扥杵停潲敪瑣⸳敒楧瑳牥爮獥畯捲獥਍䍞尺獕牥屳慷慦条浡污䑜獥瑫灯䕜升䘭湩污停潲敪瑣尳牐橯捥㍴瘮硣牰橯਍㩃啜敳獲睜晡慡慧慭屬敄歳潴屰䝅ⵓ楆慮屬牐橯捥㍴䑜扥杵停潲敪瑣⸳摁業偮潲楦敬爮獥畯捲獥਍㩃啜敳獲睜晡慡慧慭屬敄歳潴屰䝅ⵓ楆慮屬牐橯捥㍴䑜扥杵停潲敪瑣⸳潌楧⹮敲潳牵散൳䌊尺獕牥屳慷慦条浡污䑜獥瑫灯䕜升䘭湩污停潲敪瑣尳敄畢屧牐橯捥㍴䴮䙹牯⹭敲潳牵散൳䌊尺獕牥屳慷慦条浡污䑜獥瑫灯䕜升䘭湩污停潲敪瑣尳敄畢屧牐橯捥㍴䴮䙹牯㉭爮獥畯捲獥਍㩃啜敳獲睜晡慡慧慭屬敄歳潴屰䝅ⵓ楆慮屬牐橯捥㍴䑜扥杵停潲敪瑣⸳祍潆浲⸳敲潳牵散൳䌊尺獕牥屳慷慦条浡污䑜獥瑫灯䕜升䘭湩污停潲敪瑣尳敄畢屧牐橯捥㍴䴮䙹牯㑭爮獥畯捲獥਍㩃啜敳獲睜晡慡慧慭屬敄歳潴屰䝅ⵓ楆慮屬牐橯捥㍴䑜扥杵停潲敪瑣⸳敒楧瑳牥爮獥畯捲獥਍䍞尺獕牥屳慷慦条浡污䑜獥瑫灯䕜升䘭湩污停潲敪瑣尳牐橯捥㍴瘮硣牰橯਍㩃啜敳獲睜晡慡慧慭屬敄歳潴屰䝅ⵓ楆慮屬牐橯捥㍴䑜扥杵停潲敪瑣⸳摁業偮潲楦敬爮獥畯捲獥਍㩃啜敳獲睜晡慡慧慭屬敄歳潴屰䝅ⵓ楆慮屬牐橯捥㍴䑜扥杵停潲敪瑣⸳潌楧⹮敲潳牵散൳䌊尺獕牥屳慷慦条浡污䑜獥瑫灯䕜升䘭湩污停潲敪瑣尳敄畢屧牐橯捥㍴䴮䙹牯⹭敲潳牵散൳䌊尺獕牥屳慷慦条浡污䑜獥瑫灯䕜升䘭湩污停潲敪瑣尳敄畢屧牐橯捥㍴䴮䙹牯㉭爮獥畯捲獥਍㩃啜敳獲睜晡慡慧慭屬敄歳潴屰䝅ⵓ楆慮屬牐橯捥㍴䑜扥杵停潲敪瑣⸳祍潆浲⸳敲潳牵散൳䌊尺獕牥屳慷慦条浡污䑜獥瑫灯䕜升䘭湩污停潲敪瑣尳敄畢屧牐橯捥㍴䴮䙹牯㑭爮獥畯捲獥਍㩃啜敳獲睜晡慡慧慭屬敄歳潴屰䝅ⵓ楆慮屬牐橯捥㍴䑜扥杵停潲敪瑣⸳敒楧瑳牥爮獥畯捲獥਍䍞尺獕牥屳慷慦条浡污䑜獥瑫灯䕜升䘭湩污停潲敪瑣尳牐橯捥㍴瘮硣牰橯਍㩃啜敳獲睜晡慡慧慭屬敄歳潴屰䝅ⵓ楆慮屬牐橯捥㍴䑜扥杵停潲敪瑣⸳摁業偮潲楦敬爮獥畯捲獥਍㩃啜敳獲睜晡慡慧慭屬敄歳潴屰䝅ⵓ楆慮屬牐橯捥㍴䑜扥杵停潲敪瑣⸳潌楧⹮敲潳牵散൳䌊尺獕牥屳慷慦条浡污䑜獥瑫灯䕜升䘭湩污停潲敪瑣尳敄畢屧牐橯捥㍴䴮䙹牯⹭敲潳牵散൳䌊尺獕牥屳慷慦条浡污䑜獥瑫灯䕜升䘭湩污停潲敪瑣尳敄畢屧牐橯捥㍴䴮䙹牯㉭爮獥畯捲獥਍㩃啜敳獲睜晡慡慧慭屬敄歳潴屰䝅ⵓ楆慮屬牐橯捥㍴䑜扥杵停潲敪瑣⸳祍潆浲⸳敲潳牵散൳䌊尺獕牥屳慷慦条浡污䑜獥瑫灯䕜升䘭湩污停潲敪瑣尳敄畢屧牐橯捥㍴䴮䙹牯㑭爮獥畯捲獥਍㩃啜敳獲睜晡慡慧慭屬敄歳潴屰䝅ⵓ楆慮屬牐橯捥㍴䑜扥杵停潲敪瑣⸳敒楧瑳牥爮獥畯捲獥਍䍞尺獕牥屳慷慦条浡污䑜獥瑫灯䕜升䘭湩污停潲敪瑣尳牐橯捥㍴瘮硣牰橯਍㩃啜敳獲睜晡慡慧慭屬敄歳潴屰䝅ⵓ楆慮屬牐橯捥㍴䑜扥杵停潲敪瑣⸳摁業偮潲楦敬爮獥畯捲獥਍㩃啜敳獲睜晡慡慧慭屬敄歳潴屰䝅ⵓ楆慮屬牐橯捥㍴䑜扥杵停潲敪瑣⸳潌楧⹮敲潳牵散൳䌊尺獕牥屳慷慦条浡污䑜獥瑫灯䕜升䘭湩污停潲敪瑣尳敄畢屧牐橯捥㍴䴮䙹牯⹭敲潳牵散൳䌊尺獕牥屳慷慦条浡污䑜獥瑫灯䕜升䘭湩污停潲敪瑣尳敄畢屧牐橯捥㍴䴮䙹牯㉭爮獥畯捲獥਍㩃啜敳獲睜晡慡慧慭屬敄歳潴屰䝅ⵓ楆慮屬牐橯捥㍴䑜扥杵停潲敪瑣⸳祍潆浲⸳敲潳牵散൳䌊尺獕牥屳慷慦条浡污䑜獥瑫灯䕜升䘭湩污停潲敪瑣尳敄畢屧牐橯捥㍴䴮䙹牯㑭爮獥畯捲獥਍㩃啜敳獲睜晡慡慧慭屬敄歳潴屰䝅ⵓ楆慮屬牐橯捥㍴䑜扥杵停潲敪瑣⸳敒楧瑳牥爮獥畯捲獥਍䍞尺獕牥屳慷慦条浡污䑜獥瑫灯䕜升䘭湩污停潲敪瑣尳牐橯捥㍴瘮硣牰橯਍㩃啜敳獲睜晡慡慧慭屬敄歳潴屰䝅ⵓ楆慮屬牐橯捥㍴䑜扥杵停潲敪瑣⸳摁業偮潲楦敬爮獥畯捲獥਍㩃啜敳獲睜晡慡慧慭屬敄歳潴屰䝅ⵓ楆慮屬牐橯捥㍴䑜扥杵停潲敪瑣⸳潌楧⹮敲潳牵散൳䌊尺獕牥屳慷慦条浡污䑜獥瑫灯䕜升䘭湩污停潲敪瑣尳敄畢屧牐橯捥㍴䴮䙹牯⹭敲潳牵散൳䌊尺獕牥屳慷慦条浡污䑜獥瑫灯䕜升䘭湩污停潲敪瑣尳敄畢屧牐橯捥㍴䴮䙹牯㉭爮獥畯捲獥਍㩃啜敳獲睜晡慡慧慭屬敄歳潴屰䝅ⵓ楆慮屬牐橯捥㍴䑜扥杵停潲敪瑣⸳祍潆浲⸳敲潳牵散൳䌊尺獕牥屳慷慦条浡污䑜獥瑫灯䕜升䘭湩污停潲敪瑣尳敄畢屧牐橯捥㍴䴮䙹牯㑭爮獥畯捲獥਍㩃啜敳獲睜晡慡慧慭屬敄歳潴屰䝅ⵓ楆慮屬牐橯捥㍴䑜扥杵停潲敪瑣⸳敒楧瑳牥爮獥畯捲獥਍䍞尺獕牥屳慷慦条浡污䑜獥瑫灯䕜升䘭湩污停潲敪瑣尳牐橯捥㍴瘮硣牰橯਍㩃啜敳獲睜晡慡慧慭屬敄歳潴屰䝅ⵓ楆慮屬牐橯捥㍴䑜扥杵停潲敪瑣⸳摁業偮潲楦敬爮獥畯捲獥਍㩃啜敳獲睜晡慡慧慭屬敄歳潴屰䝅ⵓ楆慮屬牐橯捥㍴䑜扥杵停潲敪瑣⸳潌楧⹮敲潳牵散൳䌊尺獕牥屳慷慦条浡污䑜獥瑫灯䕜升䘭湩污停潲敪瑣尳敄畢屧牐橯捥㍴䴮䙹牯⹭敲潳牵散൳䌊尺獕牥屳慷慦条浡污䑜獥瑫灯䕜升䘭湩污停潲敪瑣尳敄畢屧牐橯捥㍴䴮䙹牯㉭爮獥畯捲獥਍㩃啜敳獲睜晡慡慧慭屬敄歳潴屰䝅ⵓ楆慮屬牐橯捥㍴䑜扥杵停潲敪瑣⸳祍潆浲⸳敲潳牵散൳䌊尺獕牥屳慷慦条浡污䑜獥瑫灯䕜升䘭湩污停潲敪瑣尳敄畢屧牐橯捥㍴䴮䙹牯㑭爮獥畯捲獥਍㩃啜敳獲睜晡慡慧慭屬敄歳潴屰䝅ⵓ楆慮屬牐橯捥㍴䑜扥杵停潲敪瑣⸳敒楧瑳牥爮獥畯捲獥਍䍞尺獕牥屳慷慦条浡污䑜獥瑫灯䕜升䘭湩污停潲敪瑣尳牐橯捥㍴瘮硣牰橯਍㩃啜敳獲睜晡慡慧慭屬敄歳潴屰䝅ⵓ楆慮屬牐橯捥㍴䑜扥杵停潲敪瑣⸳摁業偮潲楦敬爮獥畯捲獥਍㩃啜敳獲睜晡慡慧慭屬敄歳潴屰䝅ⵓ楆慮屬牐橯捥㍴䑜扥杵停潲敪瑣⸳潌楧⹮敲潳牵散൳䌊尺獕牥屳慷慦条浡污䑜獥瑫灯䕜升䘭湩污停潲敪瑣尳敄畢屧牐橯捥㍴䴮䙹牯⹭敲潳牵散൳䌊尺獕牥屳慷慦条浡污䑜獥瑫灯䕜升䘭湩污停潲敪瑣尳敄畢屧牐橯捥㍴䴮䙹牯㉭爮獥畯捲獥਍㩃啜敳獲睜晡慡慧慭屬敄歳潴屰䝅ⵓ楆慮屬牐橯捥㍴䑜扥杵停潲敪瑣⸳祍潆浲⸳敲潳牵散൳䌊尺獕牥屳慷慦条浡污䑜獥瑫灯䕜升䘭湩污停潲敪瑣尳敄畢屧牐橯捥㍴䴮䙹牯㑭爮獥畯捲獥਍㩃啜敳獲睜晡慡慧慭屬敄歳潴屰䝅ⵓ楆慮屬牐橯捥㍴䑜扥杵停潲敪瑣⸳敒楧瑳牥爮獥畯捲獥਍䍞尺獕牥屳慷慦条浡污䑜獥瑫灯䕜升䘭湩污停潲敪瑣尳牐橯捥㍴瘮硣牰橯਍㩃啜敳獲睜晡慡慧慭屬敄歳潴屰䝅ⵓ楆慮屬牐橯捥㍴䑜扥杵停潲敪瑣⸳摁業偮潲楦敬爮獥畯捲獥਍㩃啜敳獲睜晡慡慧慭屬敄歳潴屰䝅ⵓ楆慮屬牐橯捥㍴䑜扥杵停潲敪瑣⸳潌楧⹮敲潳牵散൳䌊尺獕牥屳慷慦条浡污䑜獥瑫灯䕜升䘭湩污停潲敪瑣尳敄畢屧牐橯捥㍴䴮䙹牯⹭敲潳牵散൳䌊尺獕牥屳慷慦条浡污䑜獥瑫灯䕜升䘭湩污停潲敪瑣尳敄畢屧牐橯捥㍴䴮䙹牯㉭爮獥畯捲獥਍㩃啜敳獲睜晡慡慧慭屬敄歳潴屰䝅ⵓ楆慮屬牐橯捥㍴䑜扥杵停潲敪瑣⸳祍潆浲⸳敲潳牵散൳䌊尺獕牥屳慷慦条浡污䑜獥瑫灯䕜升䘭湩污停潲敪瑣尳敄畢屧牐橯捥㍴䴮䙹牯㑭爮獥畯捲獥਍㩃啜敳獲睜晡慡慧慭屬敄歳潴屰䝅ⵓ楆慮屬牐橯捥㍴䑜扥杵停潲敪瑣⸳敒楧瑳牥爮獥畯捲獥਍䍞尺獕牥屳慷慦条浡污䑜獥瑫灯䕜升䘭湩污停潲敪瑣尳牐橯捥㍴瘮硣牰橯਍㩃啜敳獲睜晡慡慧慭屬敄歳潴屰䝅ⵓ楆慮屬牐橯捥㍴䑜扥杵停潲敪瑣⸳摁業偮潲楦敬爮獥畯捲獥਍㩃啜敳獲睜晡慡慧慭屬敄歳潴屰䝅ⵓ楆慮屬牐橯捥㍴䑜扥杵停潲敪瑣⸳潌楧⹮敲潳牵散൳䌊尺獕牥屳慷慦条浡污䑜獥瑫灯䕜升䘭湩污停潲敪瑣尳敄畢屧牐橯捥㍴䴮䙹牯⹭敲潳牵散൳䌊尺獕牥屳慷慦条浡污䑜獥瑫灯䕜升䘭湩污停潲敪瑣尳敄畢屧牐橯捥㍴䴮䙹牯㉭爮獥畯捲獥਍㩃啜敳獲睜晡慡慧慭屬敄歳潴屰䝅ⵓ楆慮屬牐橯捥㍴䑜扥杵停潲敪瑣⸳祍潆浲⸳敲潳牵散൳䌊尺獕牥屳慷慦条浡污䑜獥瑫灯䕜升䘭湩污停潲敪瑣尳敄畢屧牐橯捥㍴䴮䙹牯㑭爮獥畯捲獥਍㩃啜敳獲睜晡慡慧慭屬敄歳潴屰䝅ⵓ楆慮屬牐橯捥㍴䑜扥杵停潲敪瑣⸳敒楧瑳牥爮獥畯捲獥਍䍞尺獕牥屳慷慦条浡污䑜獥瑫灯䕜升䘭湩污停潲敪瑣尳牐橯捥㍴瘮硣牰橯਍㩃啜敳獲睜晡慡慧慭屬敄歳潴屰䝅ⵓ楆慮屬牐橯捥㍴䑜扥杵停潲敪瑣⸳摁業偮潲楦敬爮獥畯捲獥਍㩃啜敳獲睜晡慡慧慭屬敄歳潴屰䝅ⵓ楆慮屬牐橯捥㍴䑜扥杵停潲敪瑣⸳潌楧⹮敲潳牵散൳䌊尺獕牥屳慷慦条浡污䑜獥瑫灯䕜升䘭湩污停潲敪瑣尳敄畢屧牐橯捥㍴䴮䙹牯⹭敲潳牵散൳䌊尺獕牥屳慷慦条浡污䑜獥瑫灯䕜升䘭湩污停潲敪瑣尳敄畢屧牐橯捥㍴䴮䙹牯㉭爮獥畯捲獥਍㩃啜敳獲睜晡慡慧慭屬敄歳潴屰䝅ⵓ楆慮屬牐橯捥㍴䑜扥杵停潲敪瑣⸳祍潆浲⸳敲潳牵散൳䌊尺獕牥屳慷慦条浡污䑜獥瑫灯䕜升䘭湩污停潲敪瑣尳敄畢屧牐橯捥㍴䴮䙹牯㑭爮獥畯捲獥਍㩃啜敳獲睜晡慡慧慭屬敄歳潴屰䝅ⵓ楆慮屬牐橯捥㍴䑜扥杵停潲敪瑣⸳敒楧瑳牥爮獥畯捲獥਍䍞尺獕牥屳慷慦条浡污䑜獥瑫灯䕜升䘭湩污停潲敪瑣尳牐橯捥㍴瘮硣牰橯਍㩃啜敳獲睜晡慡慧慭屬敄歳潴屰䝅ⵓ楆慮屬牐橯捥㍴䑜扥杵停潲敪瑣⸳摁業偮潲楦敬爮獥畯捲獥਍㩃啜敳獲睜晡慡慧慭屬敄歳潴屰䝅ⵓ楆慮屬牐橯捥㍴䑜扥杵停潲敪瑣⸳潌楧⹮敲潳牵散൳䌊尺獕牥屳慷慦条浡污䑜獥瑫灯䕜升䘭湩污停潲敪瑣尳敄畢屧牐橯捥㍴䴮䙹牯⹭敲潳牵散൳䌊尺獕牥屳慷慦条浡污䑜獥瑫灯䕜升䘭湩污停潲敪瑣尳敄畢屧牐橯捥㍴䴮䙹牯㉭爮獥畯捲獥਍㩃啜敳獲睜晡慡慧慭屬敄歳潴屰䝅ⵓ楆慮屬牐橯捥㍴䑜扥杵停潲敪瑣⸳祍潆浲⸳敲潳牵散൳䌊尺獕牥屳慷慦条浡污䑜獥瑫灯䕜升䘭湩污停潲敪瑣尳敄畢屧牐橯捥㍴䴮䙹牯㑭爮獥畯捲獥਍㩃啜敳獲睜晡慡慧慭屬敄歳潴屰䝅ⵓ楆慮屬牐橯捥㍴䑜扥杵停潲敪瑣⸳敒楧瑳牥爮獥畯捲獥਍䍞尺獕牥屳慷慦条浡污䑜獥瑫灯䕜升䘭湩污停潲敪瑣尳牐橯捥㍴瘮硣牰橯਍㩃啜敳獲睜晡慡慧慭屬敄歳潴屰䝅ⵓ楆慮屬牐橯捥㍴䑜扥杵停潲敪瑣⸳摁業偮潲楦敬爮獥畯捲獥਍㩃啜敳獲睜晡慡慧慭屬敄歳潴屰䝅ⵓ楆慮屬牐橯捥㍴䑜扥杵停潲敪瑣⸳潌楧⹮敲潳牵散൳䌊尺獕牥屳慷慦条浡污䑜獥瑫灯䕜升䘭湩污停潲敪瑣尳敄畢屧牐橯捥㍴䴮䙹牯⹭敲潳牵散൳䌊尺獕牥屳慷慦条浡污䑜獥瑫灯䕜升䘭湩污停潲敪瑣尳敄畢屧牐橯捥㍴䴮䙹牯㉭爮獥畯捲獥਍㩃啜敳獲睜晡慡慧慭屬敄歳潴屰䝅ⵓ楆慮屬牐橯捥㍴䑜扥杵停潲敪瑣⸳祍潆浲⸳敲潳牵散൳䌊尺獕牥屳慷慦条浡污䑜獥瑫灯䕜升䘭湩污停潲敪瑣尳敄畢屧牐橯捥㍴䴮䙹牯㑭爮獥畯捲獥਍㩃啜敳獲睜晡慡慧慭屬敄歳潴屰䝅ⵓ楆慮屬牐橯捥㍴䑜扥杵停潲敪瑣⸳敒楧瑳牥爮獥畯捲獥਍䍞尺獕牥屳慷慦条浡污䑜獥瑫灯䕜升䘭湩污停潲敪瑣尳牐橯捥㍴瘮硣牰橯਍㩃啜敳獲睜晡慡慧慭屬敄歳潴屰䝅ⵓ楆慮屬牐橯捥㍴䑜扥杵停潲敪瑣⸳摁業偮潲楦敬爮獥畯捲獥਍㩃啜敳獲睜晡慡慧慭屬敄歳潴屰䝅ⵓ楆慮屬牐橯捥㍴䑜扥杵停潲敪瑣⸳潌楧⹮敲潳牵散൳䌊尺獕牥屳慷慦条浡污䑜獥瑫灯䕜升䘭湩污停潲敪瑣尳敄畢屧牐橯捥㍴䴮䙹牯⹭敲潳牵散൳䌊尺獕牥屳慷慦条浡污䑜獥瑫灯䕜升䘭湩污停潲敪瑣尳敄畢屧牐橯捥㍴䴮䙹牯㉭爮獥畯捲獥਍㩃啜敳獲睜晡慡慧慭屬敄歳潴屰䝅ⵓ楆慮屬牐橯捥㍴䑜扥杵停潲敪瑣⸳祍潆浲⸳敲潳牵散൳䌊尺獕牥屳慷慦条浡污䑜獥瑫灯䕜升䘭湩污停潲敪瑣尳敄畢屧牐橯捥㍴䴮䙹牯㑭爮獥畯捲獥਍㩃啜敳獲睜晡慡慧慭屬敄歳潴屰䝅ⵓ楆慮屬牐橯捥㍴䑜扥杵停潲敪瑣⸳敒楧瑳牥爮獥畯捲獥਍䍞尺獕牥屳慷慦条浡污䑜獥瑫灯䕜升䘭湩污停潲敪瑣尳牐橯捥㍴瘮硣牰橯਍㩃啜敳獲睜晡慡慧慭屬敄歳潴屰䝅ⵓ楆慮屬牐橯捥㍴䑜扥杵停潲敪瑣⸳摁業偮潲楦敬爮獥畯捲獥਍㩃啜敳獲睜晡慡慧慭屬敄歳潴屰䝅ⵓ楆慮屬牐橯捥㍴䑜扥杵停潲敪瑣⸳潌楧⹮敲潳牵散൳䌊尺獕牥屳慷慦条浡污䑜獥瑫灯䕜升䘭湩污停潲敪瑣尳敄畢屧牐橯捥㍴䴮䙹牯⹭敲潳牵散൳䌊尺獕牥屳慷慦条浡污䑜獥瑫灯䕜升䘭湩污停潲敪瑣尳敄畢屧牐橯捥㍴䴮䙹牯㉭爮獥畯捲獥਍㩃啜敳獲睜晡慡慧慭屬敄歳潴屰䝅ⵓ楆慮屬牐橯捥㍴䑜扥杵停潲敪瑣⸳祍潆浲⸳敲潳牵散൳䌊尺獕牥屳慷慦条浡污䑜獥瑫灯䕜升䘭湩污停潲敪瑣尳敄畢屧牐橯捥㍴䴮䙹牯㑭爮獥畯捲獥਍㩃啜敳獲睜晡慡慧慭屬敄歳潴屰䝅ⵓ楆慮屬牐橯捥㍴䑜扥杵停潲敪瑣⸳敒楧瑳牥爮獥畯捲獥਍䍞尺獕牥屳慷慦条浡污䑜獥瑫灯䕜升䘭湩污停潲敪瑣尳牐橯捥㍴瘮硣牰橯਍㩃啜敳獲睜晡慡慧慭屬敄歳潴屰䝅ⵓ楆慮屬牐橯捥㍴䑜扥杵停潲敪瑣⸳摁業偮潲楦敬爮獥畯捲獥਍㩃啜敳獲睜晡慡慧慭屬敄歳潴屰䝅ⵓ楆慮屬牐橯捥㍴䑜扥杵停潲敪瑣⸳潌楧⹮敲潳牵散൳䌊尺獕牥屳慷慦条浡污䑜獥瑫灯䕜升䘭湩污停潲敪瑣尳敄畢屧牐橯捥㍴䴮䙹牯⹭敲潳牵散൳䌊尺獕牥屳慷慦条浡污䑜獥瑫灯䕜升䘭湩污停潲敪瑣尳敄畢屧牐橯捥㍴䴮䙹牯㉭爮獥畯捲獥਍㩃啜敳獲睜晡慡慧慭屬敄歳潴屰䝅ⵓ楆慮屬牐橯捥㍴䑜扥杵停潲敪瑣⸳祍潆浲⸳敲潳牵散൳䌊尺獕牥屳慷慦条浡污䑜獥瑫灯䕜升䘭湩污停潲敪瑣尳敄畢屧牐橯捥㍴䴮䙹牯㑭爮獥畯捲獥਍㩃啜敳獲睜晡慡慧慭屬敄歳潴屰䝅ⵓ楆慮屬牐橯捥㍴䑜扥杵停潲敪瑣⸳敒楧瑳牥爮獥畯捲獥਍䍞尺獕牥屳慷慦条浡污䑜獥瑫灯䕜升䘭湩污停潲敪瑣尳牐橯捥㍴瘮硣牰橯਍㩃啜敳獲睜晡慡慧慭屬敄歳潴屰䝅ⵓ楆慮屬牐橯捥㍴䑜扥杵停潲敪瑣⸳摁業偮潲楦敬爮獥畯捲獥਍㩃啜敳獲睜晡慡慧慭屬敄歳潴屰䝅ⵓ楆慮屬牐橯捥㍴䑜扥杵停潲敪瑣⸳潌楧⹮敲潳牵散൳䌊尺獕牥屳慷慦条浡污䑜獥瑫灯䕜升䘭湩污停潲敪瑣尳敄畢屧牐橯捥㍴䴮䙹牯⹭敲潳牵散൳䌊尺獕牥屳慷慦条浡污䑜獥瑫灯䕜升䘭湩污停潲敪瑣尳敄畢屧牐橯捥㍴䴮䙹牯㉭爮獥畯捲獥਍㩃啜敳獲睜晡慡慧慭屬敄歳潴屰䝅ⵓ楆慮屬牐橯捥㍴䑜扥杵停潲敪瑣⸳祍潆浲⸳敲潳牵散൳䌊尺獕牥屳慷慦条浡污䑜獥瑫灯䕜升䘭湩污停潲敪瑣尳敄畢屧牐橯捥㍴䴮䙹牯㑭爮獥畯捲獥਍㩃啜敳獲睜晡慡慧慭屬敄歳潴屰䝅ⵓ楆慮屬牐橯捥㍴䑜扥杵停潲敪瑣⸳敒楧瑳牥爮獥畯捲獥਍
C:\USERS\WAFAAGAMAL\DESKTOP\EGS-FINAL\PROJECT3\DEBUG\PROJECT3.RES
C:\Users\wafaagamal\Desktop\EGS-Final\Project3\Debug\Project3.vcxproj.GenerateResource.Cache
C:\Users\wafaagamal\Desktop\EGS-Final\Project3\Debug\Project3.vcxprojResolveAssemblyReference.cache
C:\Users\wafaagamal\Desktop\EGS-Final\Project3\Debug\.NETFramework,Version=v4.5.AssemblyAttributes.obj
C:\Users\wafaagamal\Desktop\EGS-Final\Project3\Debug\admin.obj
C:\Users\wafaagamal\Desktop\EGS-Final\Project3\Debug\AdminProfile.obj
C:\Users\wafaagamal\Desktop\EGS-Final\Project3\Debug\citizen.obj
C:\Users\wafaagamal\Desktop\EGS-Final\Project3\Debug\department.obj
C:\Users\wafaagamal\Desktop\EGS-Final\Project3\Debug\Dummy.obj
C:\Users\wafaagamal\Desktop\EGS-Final\Project3\Debug\employee.obj
C:\Users\wafaagamal\Desktop\EGS-Final\Project3\Debug\Files.obj
C:\Users\wafaagamal\Desktop\EGS-Final\Project3\Debug\Login.obj
C:\Users\wafaagamal\Desktop\EGS-Final\Project3\Debug\minister.obj
C:\Users\wafaagamal\Desktop\EGS-Final\Project3\Debug\ministry.obj
C:\Users\wafaagamal\Desktop\EGS-Final\Project3\Debug\ministry_of_education.obj
C:\Users\wafaagamal\Desktop\EGS-Final\Project3\Debug\ministry_of_electricity.obj
C:\Users\wafaagamal\Desktop\EGS-Final\Project3\Debug\ministry_of_finance.obj
C:\Users\wafaagamal\Desktop\EGS-Final\Project3\Debug\ministry_of_health_and_population.obj
C:\Users\wafaagamal\Desktop\EGS-Final\Project3\Debug\ministry_of_interior.obj
C:\Users\wafaagamal\Desktop\EGS-Final\Project3\Debug\ministry_of_tourism.obj
C:\Users\wafaagamal\Desktop\EGS-Final\Project3\Debug\ministry_of_transportation.obj
C:\Users\wafaagamal\Desktop\EGS-Final\Project3\Debug\MyForm.obj
C:\Users\wafaagamal\Desktop\EGS-Final\Project3\Debug\MyForm2.obj
C:\Users\wafaagamal\Desktop\EGS-Final\Project3\Debug\MyForm3.obj
C:\Users\wafaagamal\Desktop\EGS-Final\Project3\Debug\MyForm4.obj
C:\Users\wafaagamal\Desktop\EGS-Final\Project3\Debug\person.obj
C:\Users\wafaagamal\Desktop\EGS-Final\Project3\Debug\Register.obj
C:\Users\wafaagamal\Desktop\EGS-Final\Project3\Debug\Project3.AdminProfile.resources
C:\Users\wafaagamal\Desktop\EGS-Final\Project3\Debug\Project3.Login.resources
C:\Users\wafaagamal\Desktop\EGS-Final\Project3\Debug\Project3.MyForm.resources
C:\Users\wafaagamal\Desktop\EGS-Final\Project3\Debug\Project3.MyForm2.resources
C:\Users\wafaagamal\Desktop\EGS-Final\Project3\Debug\Project3.MyForm3.resources
C:\Users\wafaagamal\Desktop\EGS-Final\Project3\Debug\Project3.MyForm4.resources
C:\Users\wafaagamal\Desktop\EGS-Final\Project3\Debug\Project3.Register.resources
C:\Users\wafaagamal\Desktop\EGS-Final\Project3\Debug\cl.command.1.tlog
C:\Users\wafaagamal\Desktop\EGS-Final\Project3\Debug\CL.read.1.tlog
C:\Users\wafaagamal\Desktop\EGS-Final\Project3\Debug\CL.write.1.tlog
C:\Users\wafaagamal\Desktop\EGS-Final\Project3\Debug\link.10400-cvtres.read.1.tlog
C:\Users\wafaagamal\Desktop\EGS-Final\Project3\Debug\link.10400-cvtres.write.1.tlog
C:\Users\wafaagamal\Desktop\EGS-Final\Project3\Debug\link.10400-rc.read.1.tlog
C:\Users\wafaagamal\Desktop\EGS-Final\Project3\Debug\link.10400-rc.write.1.tlog
C:\Users\wafaagamal\Desktop\EGS-Final\Project3\Debug\link.10400.read.1.tlog
C:\Users\wafaagamal\Desktop\EGS-Final\Project3\Debug\link.10400.write.1.tlog
C:\Users\wafaagamal\Desktop\EGS-Final\Project3\Debug\link.12364-cvtres.read.1.tlog
C:\Users\wafaagamal\Desktop\EGS-Final\Project3\Debug\link.12364-cvtres.write.1.tlog
C:\Users\wafaagamal\Desktop\EGS-Final\Project3\Debug\link.12364-rc.read.1.tlog
C:\Users\wafaagamal\Desktop\EGS-Final\Project3\Debug\link.12364-rc.write.1.tlog
C:\Users\wafaagamal\Desktop\EGS-Final\Project3\Debug\link.12364.read.1.tlog
C:\Users\wafaagamal\Desktop\EGS-Final\Project3\Debug\link.12364.write.1.tlog
C:\Users\wafaagamal\Desktop\EGS-Final\Project3\Debug\link.13172-cvtres.read.1.tlog
C:\Users\wafaagamal\Desktop\EGS-Final\Project3\Debug\link.13172-cvtres.write.1.tlog
C:\Users\wafaagamal\Desktop\EGS-Final\Project3\Debug\link.13172-rc.read.1.tlog
C:\Users\wafaagamal\Desktop\EGS-Final\Project3\Debug\link.13172-rc.write.1.tlog
C:\Users\wafaagamal\Desktop\EGS-Final\Project3\Debug\link.13172.read.1.tlog
C:\Users\wafaagamal\Desktop\EGS-Final\Project3\Debug\link.13172.write.1.tlog
C:\Users\wafaagamal\Desktop\EGS-Final\Project3\Debug\link.14552-cvtres.read.1.tlog
C:\Users\wafaagamal\Desktop\EGS-Final\Project3\Debug\link.14552-cvtres.write.1.tlog
C:\Users\wafaagamal\Desktop\EGS-Final\Project3\Debug\link.14552-rc.read.1.tlog
C:\Users\wafaagamal\Desktop\EGS-Final\Project3\Debug\link.14552-rc.write.1.tlog
C:\Users\wafaagamal\Desktop\EGS-Final\Project3\Debug\link.14552.read.1.tlog
C:\Users\wafaagamal\Desktop\EGS-Final\Project3\Debug\link.14552.write.1.tlog
C:\Users\wafaagamal\Desktop\EGS-Final\Project3\Debug\link.14956-cvtres.read.1.tlog
C:\Users\wafaagamal\Desktop\EGS-Final\Project3\Debug\link.14956-cvtres.write.1.tlog
C:\Users\wafaagamal\Desktop\EGS-Final\Project3\Debug\link.14956-rc.read.1.tlog
C:\Users\wafaagamal\Desktop\EGS-Final\Project3\Debug\link.14956-rc.write.1.tlog
C:\Users\wafaagamal\Desktop\EGS-Final\Project3\Debug\link.14956.read.1.tlog
C:\Users\wafaagamal\Desktop\EGS-Final\Project3\Debug\link.14956.write.1.tlog
C:\Users\wafaagamal\Desktop\EGS-Final\Project3\Debug\link.15144-cvtres.read.1.tlog
C:\Users\wafaagamal\Desktop\EGS-Final\Project3\Debug\link.15144-cvtres.write.1.tlog
C:\Users\wafaagamal\Desktop\EGS-Final\Project3\Debug\link.15144-rc.read.1.tlog
C:\Users\wafaagamal\Desktop\EGS-Final\Project3\Debug\link.15144-rc.write.1.tlog
C:\Users\wafaagamal\Desktop\EGS-Final\Project3\Debug\link.15144.read.1.tlog
C:\Users\wafaagamal\Desktop\EGS-Final\Project3\Debug\link.15144.write.1.tlog
C:\Users\wafaagamal\Desktop\EGS-Final\Project3\Debug\link.1516-cvtres.read.1.tlog
C:\Users\wafaagamal\Desktop\EGS-Final\Project3\Debug\link.1516-cvtres.write.1.tlog
C:\Users\wafaagamal\Desktop\EGS-Final\Project3\Debug\link.1516-rc.read.1.tlog
C:\Users\wafaagamal\Desktop\EGS-Final\Project3\Debug\link.1516-rc.write.1.tlog
C:\Users\wafaagamal\Desktop\EGS-Final\Project3\Debug\link.1516.read.1.tlog
C:\Users\wafaagamal\Desktop\EGS-Final\Project3\Debug\link.1516.write.1.tlog
C:\Users\wafaagamal\Desktop\EGS-Final\Project3\Debug\link.15288-cvtres.read.1.tlog
C:\Users\wafaagamal\Desktop\EGS-Final\Project3\Debug\link.15288-cvtres.write.1.tlog
C:\Users\wafaagamal\Desktop\EGS-Final\Project3\Debug\link.15288-rc.read.1.tlog
C:\Users\wafaagamal\Desktop\EGS-Final\Project3\Debug\link.15288-rc.write.1.tlog
C:\Users\wafaagamal\Desktop\EGS-Final\Project3\Debug\link.15288.read.1.tlog
C:\Users\wafaagamal\Desktop\EGS-Final\Project3\Debug\link.15288.write.1.tlog
C:\Users\wafaagamal\Desktop\EGS-Final\Project3\Debug\link.16396-cvtres.read.1.tlog
C:\Users\wafaagamal\Desktop\EGS-Final\Project3\Debug\link.16396-cvtres.write.1.tlog
C:\Users\wafaagamal\Desktop\EGS-Final\Project3\Debug\link.16396-rc.read.1.tlog
C:\Users\wafaagamal\Desktop\EGS-Final\Project3\Debug\link.16396-rc.write.1.tlog
C:\Users\wafaagamal\Desktop\EGS-Final\Project3\Debug\link.16396.read.1.tlog
C:\Users\wafaagamal\Desktop\EGS-Final\Project3\Debug\link.16396.write.1.tlog
C:\Users\wafaagamal\Desktop\EGS-Final\Project3\Debug\link.16964-cvtres.read.1.tlog
C:\Users\wafaagamal\Desktop\EGS-Final\Project3\Debug\link.16964-cvtres.write.1.tlog
C:\Users\wafaagamal\Desktop\EGS-Final\Project3\Debug\link.16964-rc.read.1.tlog
C:\Users\wafaagamal\Desktop\EGS-Final\Project3\Debug\link.16964-rc.write.1.tlog
C:\Users\wafaagamal\Desktop\EGS-Final\Project3\Debug\link.16964.read.1.tlog
C:\Users\wafaagamal\Desktop\EGS-Final\Project3\Debug\link.16964.write.1.tlog
C:\Users\wafaagamal\Desktop\EGS-Final\Project3\Debug\link.17488-cvtres.read.1.tlog
C:\Users\wafaagamal\Desktop\EGS-Final\Project3\Debug\link.17488-cvtres.write.1.tlog
C:\Users\wafaagamal\Desktop\EGS-Final\Project3\Debug\link.17488-rc.read.1.tlog
C:\Users\wafaagamal\Desktop\EGS-Final\Project3\Debug\link.17488-rc.write.1.tlog
C:\Users\wafaagamal\Desktop\EGS-Final\Project3\Debug\link.17488.read.1.tlog
C:\Users\wafaagamal\Desktop\EGS-Final\Project3\Debug\link.17488.write.1.tlog
C:\Users\wafaagamal\Desktop\EGS-Final\Project3\Debug\link.18104-cvtres.read.1.tlog
C:\Users\wafaagamal\Desktop\EGS-Final\Project3\Debug\link.18104-cvtres.write.1.tlog
C:\Users\wafaagamal\Desktop\EGS-Final\Project3\Debug\link.18104-rc.read.1.tlog
C:\Users\wafaagamal\Desktop\EGS-Final\Project3\Debug\link.18104-rc.write.1.tlog
C:\Users\wafaagamal\Desktop\EGS-Final\Project3\Debug\link.18104.read.1.tlog
C:\Users\wafaagamal\Desktop\EGS-Final\Project3\Debug\link.18104.write.1.tlog
C:\Users\wafaagamal\Desktop\EGS-Final\Project3\Debug\link.18136-cvtres.read.1.tlog
C:\Users\wafaagamal\Desktop\EGS-Final\Project3\Debug\link.18136-cvtres.write.1.tlog
C:\Users\wafaagamal\Desktop\EGS-Final\Project3\Debug\link.18136-rc.read.1.tlog
C:\Users\wafaagamal\Desktop\EGS-Final\Project3\Debug\link.18136-rc.write.1.tlog
C:\Users\wafaagamal\Desktop\EGS-Final\Project3\Debug\link.18136.read.1.tlog
C:\Users\wafaagamal\Desktop\EGS-Final\Project3\Debug\link.18136.write.1.tlog
C:\Users\wafaagamal\Desktop\EGS-Final\Project3\Debug\link.2672-cvtres.read.1.tlog
C:\Users\wafaagamal\Desktop\EGS-Final\Project3\Debug\link.2672-cvtres.write.1.tlog
C:\Users\wafaagamal\Desktop\EGS-Final\Project3\Debug\link.2672-rc.read.1.tlog
C:\Users\wafaagamal\Desktop\EGS-Final\Project3\Debug\link.2672-rc.write.1.tlog
C:\Users\wafaagamal\Desktop\EGS-Final\Project3\Debug\link.2672.read.1.tlog
C:\Users\wafaagamal\Desktop\EGS-Final\Project3\Debug\link.2672.write.1.tlog
C:\Users\wafaagamal\Desktop\EGS-Final\Project3\Debug\link.3000-cvtres.read.1.tlog
C:\Users\wafaagamal\Desktop\EGS-Final\Project3\Debug\link.3000-cvtres.write.1.tlog
C:\Users\wafaagamal\Desktop\EGS-Final\Project3\Debug\link.3000-rc.read.1.tlog
C:\Users\wafaagamal\Desktop\EGS-Final\Project3\Debug\link.3000-rc.write.1.tlog
C:\Users\wafaagamal\Desktop\EGS-Final\Project3\Debug\link.3000.read.1.tlog
C:\Users\wafaagamal\Desktop\EGS-Final\Project3\Debug\link.3000.write.1.tlog
C:\Users\wafaagamal\Desktop\EGS-Final\Project3\Debug\link.3220-cvtres.read.1.tlog
C:\Users\wafaagamal\Desktop\EGS-Final\Project3\Debug\link.3220-cvtres.write.1.tlog
C:\Users\wafaagamal\Desktop\EGS-Final\Project3\Debug\link.3220-rc.read.1.tlog
C:\Users\wafaagamal\Desktop\EGS-Final\Project3\Debug\link.3220-rc.write.1.tlog
C:\Users\wafaagamal\Desktop\EGS-Final\Project3\Debug\link.3220.read.1.tlog
C:\Users\wafaagamal\Desktop\EGS-Final\Project3\Debug\link.3220.write.1.tlog
C:\Users\wafaagamal\Desktop\EGS-Final\Project3\Debug\link.3376-cvtres.read.1.tlog
C:\Users\wafaagamal\Desktop\EGS-Final\Project3\Debug\link.3376-cvtres.write.1.tlog
C:\Users\wafaagamal\Desktop\EGS-Final\Project3\Debug\link.3376-rc.read.1.tlog
C:\Users\wafaagamal\Desktop\EGS-Final\Project3\Debug\link.3376-rc.write.1.tlog
C:\Users\wafaagamal\Desktop\EGS-Final\Project3\Debug\link.3376.read.1.tlog
C:\Users\wafaagamal\Desktop\EGS-Final\Project3\Debug\link.3376.write.1.tlog
C:\Users\wafaagamal\Desktop\EGS-Final\Project3\Debug\link.3640-cvtres.read.1.tlog
C:\Users\wafaagamal\Desktop\EGS-Final\Project3\Debug\link.3640-cvtres.write.1.tlog
C:\Users\wafaagamal\Desktop\EGS-Final\Project3\Debug\link.3640-rc.read.1.tlog
C:\Users\wafaagamal\Desktop\EGS-Final\Project3\Debug\link.3640-rc.write.1.tlog
C:\Users\wafaagamal\Desktop\EGS-Final\Project3\Debug\link.3640.read.1.tlog
C:\Users\wafaagamal\Desktop\EGS-Final\Project3\Debug\link.3640.write.1.tlog
C:\Users\wafaagamal\Desktop\EGS-Final\Project3\Debug\link.4108-cvtres.read.1.tlog
C:\Users\wafaagamal\Desktop\EGS-Final\Project3\Debug\link.4108-cvtres.write.1.tlog
C:\Users\wafaagamal\Desktop\EGS-Final\Project3\Debug\link.4108-rc.read.1.tlog
C:\Users\wafaagamal\Desktop\EGS-Final\Project3\Debug\link.4108-rc.write.1.tlog
C:\Users\wafaagamal\Desktop\EGS-Final\Project3\Debug\link.4108.read.1.tlog
C:\Users\wafaagamal\Desktop\EGS-Final\Project3\Debug\link.4108.write.1.tlog
C:\Users\wafaagamal\Desktop\EGS-Final\Project3\Debug\link.4332-cvtres.read.1.tlog
C:\Users\wafaagamal\Desktop\EGS-Final\Project3\Debug\link.4332-cvtres.write.1.tlog
C:\Users\wafaagamal\Desktop\EGS-Final\Project3\Debug\link.4332-rc.read.1.tlog
C:\Users\wafaagamal\Desktop\EGS-Final\Project3\Debug\link.4332-rc.write.1.tlog
C:\Users\wafaagamal\Desktop\EGS-Final\Project3\Debug\link.4332.read.1.tlog
C:\Users\wafaagamal\Desktop\EGS-Final\Project3\Debug\link.4332.write.1.tlog
C:\Users\wafaagamal\Desktop\EGS-Final\Project3\Debug\link.4584-cvtres.read.1.tlog
C:\Users\wafaagamal\Desktop\EGS-Final\Project3\Debug\link.4584-cvtres.write.1.tlog
C:\Users\wafaagamal\Desktop\EGS-Final\Project3\Debug\link.4584-rc.read.1.tlog
C:\Users\wafaagamal\Desktop\EGS-Final\Project3\Debug\link.4584-rc.write.1.tlog
C:\Users\wafaagamal\Desktop\EGS-Final\Project3\Debug\link.4584.read.1.tlog
C:\Users\wafaagamal\Desktop\EGS-Final\Project3\Debug\link.4584.write.1.tlog
C:\Users\wafaagamal\Desktop\EGS-Final\Project3\Debug\link.6812-cvtres.read.1.tlog
C:\Users\wafaagamal\Desktop\EGS-Final\Project3\Debug\link.6812-cvtres.write.1.tlog
C:\Users\wafaagamal\Desktop\EGS-Final\Project3\Debug\link.6812-rc.read.1.tlog
C:\Users\wafaagamal\Desktop\EGS-Final\Project3\Debug\link.6812-rc.write.1.tlog
C:\Users\wafaagamal\Desktop\EGS-Final\Project3\Debug\link.6812.read.1.tlog
C:\Users\wafaagamal\Desktop\EGS-Final\Project3\Debug\link.6812.write.1.tlog
C:\Users\wafaagamal\Desktop\EGS-Final\Project3\Debug\link.6884-cvtres.read.1.tlog
C:\Users\wafaagamal\Desktop\EGS-Final\Project3\Debug\link.6884-cvtres.write.1.tlog
C:\Users\wafaagamal\Desktop\EGS-Final\Project3\Debug\link.6884-rc.read.1.tlog
C:\Users\wafaagamal\Desktop\EGS-Final\Project3\Debug\link.6884-rc.write.1.tlog
C:\Users\wafaagamal\Desktop\EGS-Final\Project3\Debug\link.6884.read.1.tlog
C:\Users\wafaagamal\Desktop\EGS-Final\Project3\Debug\link.6884.write.1.tlog
C:\Users\wafaagamal\Desktop\EGS-Final\Project3\Debug\link.6928-cvtres.read.1.tlog
C:\Users\wafaagamal\Desktop\EGS-Final\Project3\Debug\link.6928-cvtres.write.1.tlog
C:\Users\wafaagamal\Desktop\EGS-Final\Project3\Debug\link.6928-rc.read.1.tlog
C:\Users\wafaagamal\Desktop\EGS-Final\Project3\Debug\link.6928-rc.write.1.tlog
C:\Users\wafaagamal\Desktop\EGS-Final\Project3\Debug\link.6928.read.1.tlog
C:\Users\wafaagamal\Desktop\EGS-Final\Project3\Debug\link.6928.write.1.tlog
C:\Users\wafaagamal\Desktop\EGS-Final\Project3\Debug\link.7596-cvtres.read.1.tlog
C:\Users\wafaagamal\Desktop\EGS-Final\Project3\Debug\link.7596-cvtres.write.1.tlog
C:\Users\wafaagamal\Desktop\EGS-Final\Project3\Debug\link.7596-rc.read.1.tlog
C:\Users\wafaagamal\Desktop\EGS-Final\Project3\Debug\link.7596-rc.write.1.tlog
C:\Users\wafaagamal\Desktop\EGS-Final\Project3\Debug\link.7596.read.1.tlog
C:\Users\wafaagamal\Desktop\EGS-Final\Project3\Debug\link.7596.write.1.tlog
C:\Users\wafaagamal\Desktop\EGS-Final\Project3\Debug\link.8392-cvtres.read.1.tlog
C:\Users\wafaagamal\Desktop\EGS-Final\Project3\Debug\link.8392-cvtres.write.1.tlog
C:\Users\wafaagamal\Desktop\EGS-Final\Project3\Debug\link.8392-rc.read.1.tlog
C:\Users\wafaagamal\Desktop\EGS-Final\Project3\Debug\link.8392-rc.write.1.tlog
C:\Users\wafaagamal\Desktop\EGS-Final\Project3\Debug\link.8392.read.1.tlog
C:\Users\wafaagamal\Desktop\EGS-Final\Project3\Debug\link.8392.write.1.tlog
C:\Users\wafaagamal\Desktop\EGS-Final\Project3\Debug\link.8552-cvtres.read.1.tlog
C:\Users\wafaagamal\Desktop\EGS-Final\Project3\Debug\link.8552-cvtres.write.1.tlog
C:\Users\wafaagamal\Desktop\EGS-Final\Project3\Debug\link.8552-rc.read.1.tlog
C:\Users\wafaagamal\Desktop\EGS-Final\Project3\Debug\link.8552-rc.write.1.tlog
C:\Users\wafaagamal\Desktop\EGS-Final\Project3\Debug\link.8552.read.1.tlog
C:\Users\wafaagamal\Desktop\EGS-Final\Project3\Debug\link.8552.write.1.tlog
C:\Users\wafaagamal\Desktop\EGS-Final\Project3\Debug\link.9696-cvtres.read.1.tlog
C:\Users\wafaagamal\Desktop\EGS-Final\Project3\Debug\link.9696-cvtres.write.1.tlog
C:\Users\wafaagamal\Desktop\EGS-Final\Project3\Debug\link.9696-rc.read.1.tlog
C:\Users\wafaagamal\Desktop\EGS-Final\Project3\Debug\link.9696-rc.write.1.tlog
C:\Users\wafaagamal\Desktop\EGS-Final\Project3\Debug\link.9696.read.1.tlog
C:\Users\wafaagamal\Desktop\EGS-Final\Project3\Debug\link.9696.write.1.tlog
C:\Users\wafaagamal\Desktop\EGS-Final\Project3\Debug\link.command.1.tlog
C:\Users\wafaagamal\Desktop\EGS-Final\Project3\Debug\link.read.1.tlog
C:\Users\wafaagamal\Desktop\EGS-Final\Project3\Debug\link.write.1.tlog
C:\Users\wafaagamal\Desktop\EGS-Final\Project3\Debug\metagen.read.1.tlog
C:\Users\wafaagamal\Desktop\EGS-Final\Project3\Debug\metagen.write.1.tlog
C:\Users\wafaagamal\Desktop\EGS-Final\Project3\Debug\Project3.write.1.tlog
C:\Users\wafaagamal\Desktop\EGS-Final\Project3\Debug\rc.command.1.tlog
C:\Users\wafaagamal\Desktop\EGS-Final\Project3\Debug\rc.read.1.tlog
C:\Users\wafaagamal\Desktop\EGS-Final\Project3\Debug\rc.write.1.tlog
C:\Users\wafaagamal\Desktop\EGS-Final\Project3\Debug\Project3.res
C:\Users\wafaagamal\Desktop\EGS-Final\Project3\Debug\vc110.pdb
C:\Users\wafaagamal\Desktop\EGS-Final\Project3\Debug\BUNIFU_UI_V1.52.DLL.metagen
C:\Users\wafaagamal\Desktop\EGS-Final\Project3\Debug\MICROSOFT.VISUALBASIC.POWERPACKS.VS.DLL.metagen
C:\Users\wafaagamal\Desktop\EGS-Final\Project3\Debug\RSAENH.DLL.bi
C:\Users\wafaagamal\Desktop\EGS-Final\Project3\Debug\TZRES.DLL.bi
C:\Users\wafaagamal\Desktop\EGS-Final\Debug\Project3.pdb
C:\Users\wafaagamal\Desktop\EGS-Final\Debug\Project3.exe
C:\Users\wafaagamal\Desktop\EGS-Final\Debug\Project3.ilk
