Build started 4/20/2018 9:03:41 PM.
     1>Project "C:\Users\wafaagamal\Desktop\EGS-Final\Project3\Project3.vcxproj" on node 2 (Rebuild target(s)).
     1>ClCompile:
         C:\Program Files (x86)\Microsoft Visual Studio 11.0\VC\bin\CL.exe /c /AI"C:\Program Files (x86)\Reference Assemblies\Microsoft\Framework\.NETFramework\v4.5\\" /AI"C:\Program Files (x86)\Windows Kits\8.0\References\CommonConfiguration\Neutral" /AI"C:\Program Files (x86)\Reference Assemblies\Microsoft\Framework\.NETFramework\v4.5\Facades\\" /Zi /clr /nologo /W3 /WX- /Od /Oy- /D WIN32 /D _DEBUG /D _UNICODE /D UNICODE /EHa /MDd /GS /fp:precise /Zc:wchar_t /Zc:forScope /Fo"Debug\\" /Fd"Debug\vc110.pdb" /TP /FU"C:\Users\wafaagamal\Desktop\EGS-Final\Debug\Bunifu_UI_v1.52.dll" /FU"C:\Program Files (x86)\Reference Assemblies\Microsoft\Framework\.NETFramework\v4.5\Microsoft.VisualBasic.dll" /FU"C:\Program Files (x86)\Reference Assemblies\Microsoft\VBPowerPacks\v10.0\Microsoft.VisualBasic.PowerPacks.Vs.dll" /FU"C:\Program Files (x86)\Reference Assemblies\Microsoft\Framework\.NETFramework\v4.5\mscorlib.dll" /FU"C:\Program Files (x86)\Reference Assemblies\Microsoft\Framework\.NETFramework\v4.5\System.Core.dll" /FU"C:\Program Files (x86)\Reference Assemblies\Microsoft\Framework\.NETFramework\v4.5\System.Data.dll" /FU"C:\Program Files (x86)\Reference Assemblies\Microsoft\Framework\.NETFramework\v4.5\System.dll" /FU"C:\Program Files (x86)\Reference Assemblies\Microsoft\Framework\.NETFramework\v4.5\System.Drawing.dll" /FU"C:\Program Files (x86)\Reference Assemblies\Microsoft\Framework\.NETFramework\v4.5\System.Management.dll" /FU"C:\Program Files (x86)\Reference Assemblies\Microsoft\Framework\.NETFramework\v4.5\System.Windows.Forms.dll" /FU"C:\Program Files (x86)\Reference Assemblies\Microsoft\Framework\.NETFramework\v4.5\System.Xml.dll" /analyze- /errorReport:prompt /clr:nostdlib admin.cpp AdminProfile.cpp citizen.cpp department.cpp Dummy.cpp employee.cpp Files.cpp Login.cpp minister.cpp ministry.cpp ministry_of_education.cpp ministry_of_electricity.cpp ministry_of_finance.cpp ministry_of_health_and_population.cpp ministry_of_interior.cpp ministry_of_tourism.cpp ministry_of_transportation.cpp MyForm.cpp MyForm2.cpp MyForm3.cpp MyForm4.cpp person.cpp Register.cpp
         admin.cpp
         AdminProfile.cpp
         citizen.cpp
         department.cpp
         Dummy.cpp
         employee.cpp
         Files.cpp
         Login.cpp
     1>Login.cpp(12): warning C4829: Possibly incorrect parameters to function main. Consider 'int main(Platform::Array<Platform::String^>^ argv)'
         minister.cpp
         ministry.cpp
         ministry_of_education.cpp
         ministry_of_electricity.cpp
         ministry_of_finance.cpp
         ministry_of_health_and_population.cpp
         ministry_of_interior.cpp
         ministry_of_tourism.cpp
         ministry_of_transportation.cpp
         MyForm.cpp
         MyForm2.cpp
         MyForm3.cpp
         Generating Code...
         Compiling...
         MyForm4.cpp
         person.cpp
         Register.cpp
         Generating Code...
         C:\Program Files (x86)\Microsoft Visual Studio 11.0\VC\bin\CL.exe /c /Zi /clr /nologo /W3 /WX- /Od /Oy- /D WIN32 /D _DEBUG /D _UNICODE /D UNICODE /EHa /MDd /GS /fp:precise /Zc:wchar_t /Zc:forScope /Fo"Debug\\" /Fd"Debug\vc110.pdb" /TP /analyze- /errorReport:prompt "C:\Users\wafaagamal\AppData\Local\Temp\.NETFramework,Version=v4.5.AssemblyAttributes.cpp"
         .NETFramework,Version=v4.5.AssemblyAttributes.cpp
       ResourceCompile:
         C:\Program Files (x86)\Windows Kits\8.0\bin\x86\rc.exe /D _UNICODE /D UNICODE /l"0x0409" /nologo /fo"Debug\Project3.res" Project3.rc 
       Link:
         C:\Program Files (x86)\Microsoft Visual Studio 11.0\VC\bin\link.exe /ERRORREPORT:PROMPT /OUT:"C:\Users\wafaagamal\Desktop\EGS-Final\Debug\Project3.exe" /INCREMENTAL /NOLOGO kernel32.lib user32.lib gdi32.lib winspool.lib comdlg32.lib advapi32.lib shell32.lib ole32.lib oleaut32.lib uuid.lib odbc32.lib odbccp32.lib /ASSEMBLYRESOURCE:Debug\Project3.AdminProfile.resources /ASSEMBLYRESOURCE:Debug\Project3.Login.resources /ASSEMBLYRESOURCE:Debug\Project3.MyForm.resources /ASSEMBLYRESOURCE:Debug\Project3.MyForm2.resources /ASSEMBLYRESOURCE:Debug\Project3.MyForm3.resources /ASSEMBLYRESOURCE:Debug\Project3.MyForm4.resources /ASSEMBLYRESOURCE:Debug\Project3.Register.resources /MANIFEST /MANIFESTUAC:"level='asInvoker' uiAccess='false'" /manifest:embed /DEBUG /PDB:"C:\Users\wafaagamal\Desktop\EGS-Final\Debug\Project3.pdb" /ASSEMBLYDEBUG /SUBSYSTEM:WINDOWS /TLBID:1 /ENTRY:"main" /DYNAMICBASE /FIXED:NO /NXCOMPAT /MACHINE:X86 Debug\Project3.res
         Debug\admin.obj
         Debug\AdminProfile.obj
         Debug\citizen.obj
         Debug\department.obj
         Debug\Dummy.obj
         Debug\employee.obj
         Debug\Files.obj
         Debug\Login.obj
         Debug\minister.obj
         Debug\ministry.obj
         Debug\ministry_of_education.obj
         Debug\ministry_of_electricity.obj
         Debug\ministry_of_finance.obj
         Debug\ministry_of_health_and_population.obj
         Debug\ministry_of_interior.obj
         Debug\ministry_of_tourism.obj
         Debug\ministry_of_transportation.obj
         Debug\MyForm.obj
         Debug\MyForm2.obj
         Debug\MyForm3.obj
         Debug\MyForm4.obj
         Debug\person.obj
         Debug\Register.obj
         "Debug\.NETFramework,Version=v4.5.AssemblyAttributes.obj"
         Project3.vcxproj -> C:\Users\wafaagamal\Desktop\EGS-Final\Debug\Project3.exe
     1>Done Building Project "C:\Users\wafaagamal\Desktop\EGS-Final\Project3\Project3.vcxproj" (Rebuild target(s)).

Build succeeded.

Time Elapsed 00:00:38.92
